\BOOKMARK [0][-]{chapter.1}{Introducci\363n}{}% 1
\BOOKMARK [1][-]{section.1.1}{Prop\363sito del plan}{chapter.1}% 2
\BOOKMARK [1][-]{section.1.2}{\301mbito del proyecto y objetivos}{chapter.1}% 3
\BOOKMARK [2][-]{subsection.1.2.1}{Declaraci\363n del \341mbito}{section.1.2}% 4
\BOOKMARK [2][-]{subsection.1.2.2}{Funciones principales}{section.1.2}% 5
\BOOKMARK [2][-]{subsection.1.2.3}{Aspectos de rendimiento}{section.1.2}% 6
\BOOKMARK [2][-]{subsection.1.2.4}{Restricciones y t\351cnicas de gesti\363n}{section.1.2}% 7
\BOOKMARK [1][-]{section.1.3}{Modelo de proceso}{chapter.1}% 8
\BOOKMARK [0][-]{chapter.2}{Estimaciones del proyecto}{}% 9
\BOOKMARK [1][-]{section.2.1}{Datos hist\363ricos}{chapter.2}% 10
\BOOKMARK [1][-]{section.2.2}{T\351cnicas de estimaci\363n}{chapter.2}% 11
\BOOKMARK [1][-]{section.2.3}{Estimaciones de esfuerzo, coste y duraci\363n}{chapter.2}% 12
\BOOKMARK [0][-]{chapter.3}{Estrategia de gesti\363n del riesgo}{}% 13
\BOOKMARK [0][-]{chapter.4}{Planificaci\363n temporal}{}% 14
\BOOKMARK [1][-]{section.4.1}{Estructura de descomposici\363n del trabajo, Planificaci\363n temporal}{chapter.4}% 15
\BOOKMARK [1][-]{section.4.2}{Gr\341fico de Gantt}{chapter.4}% 16
\BOOKMARK [1][-]{section.4.3}{Red de tareas}{chapter.4}% 17
\BOOKMARK [1][-]{section.4.4}{Tabla de uso de recursos}{chapter.4}% 18
\BOOKMARK [0][-]{chapter.5}{Recursos del proyecto}{}% 19
\BOOKMARK [1][-]{section.5.1}{Personal}{chapter.5}% 20
\BOOKMARK [1][-]{section.5.2}{Hardware y software}{chapter.5}% 21
\BOOKMARK [2][-]{subsection.5.2.1}{Componentes reutilizables de software}{section.5.2}% 22
\BOOKMARK [2][-]{subsection.5.2.2}{Recursos de entorno}{section.5.2}% 23
\BOOKMARK [1][-]{section.5.3}{Lista de recursos}{chapter.5}% 24
\BOOKMARK [0][-]{chapter.6}{Mecanismos de seguimiento y control}{}% 25
\BOOKMARK [1][-]{section.6.1}{Garant\355a de calidad y control}{chapter.6}% 26
\BOOKMARK [1][-]{section.6.2}{Gesti\363n y control de cambios}{chapter.6}% 27
