\BOOKMARK [-1][-]{part.1}{I Identificaci\363n de los riesgos}{}% 1
\BOOKMARK [-1][-]{part.2}{II An\341lisis del riesgo}{}% 2
\BOOKMARK [0][-]{section.0.1}{Deficiencias del personal}{part.2}% 3
\BOOKMARK [1][-]{section.0.2}{Planificaciones y presupuestos poco realistas}{section.0.1}% 4
\BOOKMARK [1][-]{section.0.3}{Desarrollo de las funciones y propiedades err\363neas}{section.0.1}% 5
\BOOKMARK [1][-]{section.0.4}{Desarrollo err\363neo del interfaz de usuario}{section.0.1}% 6
\BOOKMARK [1][-]{section.0.5}{Chapado}{section.0.1}% 7
\BOOKMARK [1][-]{section.0.6}{Continua corriente de cambios en los requisitos}{section.0.1}% 8
\BOOKMARK [1][-]{section.0.7}{Deficiencias en componentes proporcionados externamente}{section.0.1}% 9
\BOOKMARK [1][-]{section.0.8}{Deficiencias en tareas desarrolladas externamente}{section.0.1}% 10
\BOOKMARK [1][-]{section.0.9}{Deficiencias en rendimiento en tiempo real}{section.0.1}% 11
\BOOKMARK [1][-]{section.0.10}{Exprimir las capacidades inform\341ticas}{section.0.1}% 12
\BOOKMARK [-1][-]{part.3}{III Priorizaci\363n del riesgo}{}% 13
\BOOKMARK [0][-]{section.0.1}{Deficiencias del personal}{part.3}% 14
\BOOKMARK [1][-]{section.0.2}{Planificaciones y presupuestos poco realistas}{section.0.1}% 15
\BOOKMARK [1][-]{section.0.3}{Desarrollo de las funciones y propiedades err\363neas}{section.0.1}% 16
\BOOKMARK [1][-]{section.0.4}{Desarrollo err\363neo del interfaz de usuario}{section.0.1}% 17
\BOOKMARK [1][-]{section.0.5}{Chapado}{section.0.1}% 18
\BOOKMARK [1][-]{section.0.6}{Continua corriente de cambios en los requisitos}{section.0.1}% 19
\BOOKMARK [1][-]{section.0.7}{Deficiencias en componentes proporcionados externamente}{section.0.1}% 20
\BOOKMARK [1][-]{section.0.8}{Deficiencias en tareas desarrolladas externamente}{section.0.1}% 21
\BOOKMARK [1][-]{section.0.9}{Deficiencias en rendimiento en tiempo real}{section.0.1}% 22
\BOOKMARK [1][-]{section.0.10}{Exprimir las capacidades inform\341ticas}{section.0.1}% 23
\BOOKMARK [1][-]{section.0.11}{Prioridad de los riesgos}{section.0.1}% 24
\BOOKMARK [-1][-]{part.4}{IV Gesti\363n del riesgo}{}% 25
\BOOKMARK [0][-]{section.0.1}{Baja temporal de alg\372n miembro del equipo por enfermedad}{part.4}% 26
\BOOKMARK [1][-]{section.0.2}{El cliente rechaza las funciones que hemos desarrollado}{section.0.1}% 27
\BOOKMARK [1][-]{section.0.3}{Los programas desarrollados son muy dif\355ciles de usar y poco efectivos}{section.0.1}% 28
\BOOKMARK [1][-]{section.0.4}{Poco tiempo para asimilar los pasos a seguir}{section.0.1}% 29
\BOOKMARK [1][-]{section.0.5}{Falta de conocimiento por parte de los componentes del equipo}{section.0.1}% 30
\BOOKMARK [1][-]{section.0.6}{Retraso en las entregas por mala planificaci\363n}{section.0.1}% 31
\BOOKMARK [1][-]{section.0.7}{El producto no se ajusta a lo que el cliente necesita por falta de comunicaci\363n}{section.0.1}% 32
