\BOOKMARK [0][-]{chapter.1}{ Prop\363sito del plan de garant\355a de calidad}{}% 1
\BOOKMARK [0][-]{chapter.2}{ Documentos de referencia}{}% 2
\BOOKMARK [0][-]{chapter.3}{ Gesti\363n}{}% 3
\BOOKMARK [0][-]{chapter.4}{ Documentaci\363n}{}% 4
\BOOKMARK [1][-]{section.4.1}{Prop\363sito}{chapter.4}% 5
\BOOKMARK [1][-]{section.4.2}{Requisitos m\355nimos de documentaci\363n}{chapter.4}% 6
\BOOKMARK [1][-]{section.4.3}{Otra documentaci\363n}{chapter.4}% 7
\BOOKMARK [0][-]{chapter.5}{ Est\341ndares, pr\341cticas convenciones y m\351tricas}{}% 8
\BOOKMARK [0][-]{chapter.6}{ Revisiones del software}{}% 9
\BOOKMARK [1][-]{section.6.1}{Prop\363sito}{chapter.6}% 10
\BOOKMARK [1][-]{section.6.2}{Requisitos m\355nimos}{chapter.6}% 11
\BOOKMARK [1][-]{section.6.3}{Otras revisiones y auditorias}{chapter.6}% 12
\BOOKMARK [0][-]{chapter.7}{ Prueba}{}% 13
\BOOKMARK [0][-]{chapter.8}{ \040Informe de problemas y acci\363n correctiva}{}% 14
\BOOKMARK [0][-]{chapter.9}{ Herramientas, t\351cnicas y metodolog\355as}{}% 15
\BOOKMARK [0][-]{chapter.10}{ Control de medios}{}% 16
\BOOKMARK [0][-]{chapter.11}{ Control de proveedor}{}% 17
\BOOKMARK [0][-]{chapter.12}{ Colecci\363n de registros, mantenimiento y conservaci\363n}{}% 18
\BOOKMARK [0][-]{chapter.13}{ \040Formaci\363n}{}% 19
\BOOKMARK [0][-]{chapter.14}{ \040Gesti\363n del riesgo}{}% 20
\BOOKMARK [0][-]{chapter.15}{ Procedimiento de cambio e historia del plan SQA}{}% 21
