\BOOKMARK [-1][-]{part.1}{I Introducci\363n}{}% 1
\BOOKMARK [0][-]{section.0.1}{Prop\363sito del plan}{part.1}% 2
\BOOKMARK [1][-]{section.0.2}{\301mbito del proyecto y objetivos}{section.0.1}% 3
\BOOKMARK [2][-]{subsection.0.2.1}{Declaraci\363n del \341mbito}{section.0.2}% 4
\BOOKMARK [2][-]{subsection.0.2.2}{Funciones principales}{section.0.2}% 5
\BOOKMARK [2][-]{subsection.0.2.3}{Aspectos de rendimiento}{section.0.2}% 6
\BOOKMARK [2][-]{subsection.0.2.4}{Restricciones y t\351cnicas de gesti\363n}{section.0.2}% 7
\BOOKMARK [1][-]{section.0.3}{Modelo de proceso}{section.0.1}% 8
\BOOKMARK [-1][-]{part.2}{II Estimaciones del proyecto}{}% 9
\BOOKMARK [0][-]{section.0.1}{Datos hist\363ricos}{part.2}% 10
\BOOKMARK [1][-]{section.0.2}{T\351cnicas de estimaci\363n}{section.0.1}% 11
\BOOKMARK [1][-]{section.0.3}{Estimaciones de esfuerzo, coste y duraci\363n}{section.0.1}% 12
\BOOKMARK [-1][-]{part.3}{III Estrategia de gesti\363n del riesgo}{}% 13
\BOOKMARK [0][-]{section.0.1}{An\341lisis del riesgo}{part.3}% 14
\BOOKMARK [1][-]{section.0.2}{Estudio de los riesgos}{section.0.1}% 15
\BOOKMARK [1][-]{section.0.3}{Plan de gesti\363n del riesgo}{section.0.1}% 16
\BOOKMARK [-1][-]{part.4}{IV Planificaci\363n temporal}{}% 17
\BOOKMARK [0][-]{section.0.1}{Estructura de descomposici\363n del trabajo, Planificaci\363n temporal}{part.4}% 18
\BOOKMARK [1][-]{section.0.2}{Gr\341fico de Gantt}{section.0.1}% 19
\BOOKMARK [1][-]{section.0.3}{Red de tareas}{section.0.1}% 20
\BOOKMARK [1][-]{section.0.4}{Tabla de uso de recursos}{section.0.1}% 21
\BOOKMARK [-1][-]{part.5}{V Recursos del proyecto}{}% 22
\BOOKMARK [0][-]{section.0.1}{Personal}{part.5}% 23
\BOOKMARK [1][-]{section.0.2}{Hardware y software}{section.0.1}% 24
\BOOKMARK [1][-]{section.0.3}{Lista de recursos}{section.0.1}% 25
\BOOKMARK [-1][-]{part.6}{VI Mecanismos de seguimiento y control}{}% 26
\BOOKMARK [0][-]{section.0.1}{Garant\355a de calidad y control}{part.6}% 27
\BOOKMARK [1][-]{section.0.2}{Gesti\363n y control de cambios}{section.0.1}% 28
\BOOKMARK [-1][-]{part.7}{VII Ap\351ndices}{}% 29
