\BOOKMARK [0][-]{chapter.1}{ Prop\363sito del SQA}{}% 1
\BOOKMARK [0][-]{chapter.2}{ Documentos de referencia}{}% 2
\BOOKMARK [0][-]{chapter.3}{ Gesti\363n}{}% 3
\BOOKMARK [1][-]{section.3.1}{ Descripci\363n general}{chapter.3}% 4
\BOOKMARK [1][-]{section.3.2}{Organizaci\363n del documento}{chapter.3}% 5
\BOOKMARK [1][-]{section.3.3}{ Proceso de gesti\363n}{chapter.3}% 6
\BOOKMARK [1][-]{section.3.4}{ Planes de procesos t\351cnicos}{chapter.3}% 7
\BOOKMARK [1][-]{section.3.5}{ Planes adicionales}{chapter.3}% 8
\BOOKMARK [0][-]{chapter.4}{ Documentaci\363n}{}% 9
\BOOKMARK [1][-]{section.4.1}{Prop\363sito}{chapter.4}% 10
\BOOKMARK [1][-]{section.4.2}{Requisitos m\355nimos de documentaci\363n}{chapter.4}% 11
\BOOKMARK [1][-]{section.4.3}{Otra documentaci\363n}{chapter.4}% 12
\BOOKMARK [0][-]{chapter.5}{ Est\341ndares, pr\341cticas, convenciones y m\351tricas}{}% 13
\BOOKMARK [1][-]{section.5.1}{Prop\363sito}{chapter.5}% 14
\BOOKMARK [1][-]{section.5.2}{Est\341ndar de documentaci\363n}{chapter.5}% 15
\BOOKMARK [1][-]{section.5.3}{Est\341ndar de c\363digo y comentarios}{chapter.5}% 16
\BOOKMARK [1][-]{section.5.4}{Est\341ndar de verificaci\363n y pr\341cticas}{chapter.5}% 17
\BOOKMARK [0][-]{chapter.6}{ Revisiones del software}{}% 18
\BOOKMARK [1][-]{section.6.1}{Prop\363sito}{chapter.6}% 19
\BOOKMARK [1][-]{section.6.2}{Requisitos m\355nimos}{chapter.6}% 20
\BOOKMARK [1][-]{section.6.3}{Otras revisiones y auditorias}{chapter.6}% 21
\BOOKMARK [0][-]{chapter.7}{ Prueba}{}% 22
\BOOKMARK [0][-]{chapter.8}{ \040Informe de problemas y acci\363n correctiva}{}% 23
\BOOKMARK [0][-]{chapter.9}{ Herramientas, t\351cnicas y metodolog\355as}{}% 24
\BOOKMARK [0][-]{chapter.10}{ Colecci\363n de registros, mantenimiento y conservaci\363n}{}% 25
\BOOKMARK [0][-]{chapter.11}{ \040Formaci\363n}{}% 26
\BOOKMARK [0][-]{chapter.12}{ \040Gesti\363n del riesgo}{}% 27
\BOOKMARK [0][-]{chapter.13}{ Procedimiento de cambio e historia del plan SQA}{}% 28
\BOOKMARK [1][-]{section.13.1}{Procedimientos de modificaci\363n del SQAP y de mantenimiento del historial de cambios}{chapter.13}% 29
\BOOKMARK [1][-]{section.13.2}{Historial de cambios}{chapter.13}% 30
