\BOOKMARK [2][-]{subsection.0.0.1}{Ma\356tre:}{}% 1
\BOOKMARK [2][-]{subsection.0.0.2}{Comanda:}{}% 2
\BOOKMARK [2][-]{subsection.0.0.3}{Log in:}{}% 3
\BOOKMARK [2][-]{subsection.0.0.4}{Comensal:}{}% 4
\BOOKMARK [2][-]{subsection.0.0.5}{Pitanza:}{}% 5
\BOOKMARK [2][-]{subsection.0.0.6}{Chef:}{}% 6
\BOOKMARK [2][-]{subsection.0.0.7}{PDF:}{}% 7
\BOOKMARK [2][-]{subsection.0.0.8}{C.V.:}{}% 8
\BOOKMARK [2][-]{subsection.0.0.9}{Tablet:}{}% 9
\BOOKMARK [2][-]{subsection.0.0.10}{Hardware:}{}% 10
\BOOKMARK [2][-]{subsection.0.0.11}{Software:}{}% 11
\BOOKMARK [2][-]{subsection.0.0.12}{Windows:}{}% 12
\BOOKMARK [2][-]{subsection.0.0.13}{Android:}{}% 13
\BOOKMARK [2][-]{subsection.0.0.14}{iOS:}{}% 14
\BOOKMARK [2][-]{subsection.0.0.15}{Java:}{}% 15
\BOOKMARK [2][-]{subsection.0.0.16}{Wi-Fi:}{}% 16
\BOOKMARK [2][-]{subsection.0.0.17}{Procesador:}{}% 17
\BOOKMARK [2][-]{subsection.0.0.18}{Base de datos:}{}% 18
\BOOKMARK [2][-]{subsection.0.0.19}{Benchmark:}{}% 19
\BOOKMARK [2][-]{subsection.0.0.20}{Stakeholders:}{}% 20
\BOOKMARK [2][-]{subsection.0.0.21}{CU:}{}% 21
\BOOKMARK [2][-]{subsection.0.0.22}{RE-SRS:}{}% 22
\BOOKMARK [2][-]{subsection.0.0.23}{SRS:}{}% 23
\BOOKMARK [2][-]{subsection.0.0.24}{EP-PPS:}{}% 24
\BOOKMARK [2][-]{subsection.0.0.25}{GR-PPS:}{}% 25
\BOOKMARK [2][-]{subsection.0.0.26}{PTR-PPS:}{}% 26
\BOOKMARK [2][-]{subsection.0.0.27}{PPS:}{}% 27
\BOOKMARK [2][-]{subsection.0.0.28}{DAA:}{}% 28
\BOOKMARK [2][-]{subsection.0.0.29}{GCS:}{}% 29
\BOOKMARK [2][-]{subsection.0.0.30}{SQA:}{}% 30
\BOOKMARK [2][-]{subsection.0.0.31}{ECS:}{}% 31
